\BOOKMARK [0][]{chapter*.4}{Abk\374rzungsverzeichnis}{}% 1
\BOOKMARK [0][]{chapter*.5}{Abbildungsverzeichnis}{}% 2
\BOOKMARK [0][]{chapter*.6}{Tabellenverzeichnis}{}% 3
\BOOKMARK [0][]{chapter*.7}{Verzeichnis der Listings}{}% 4
\BOOKMARK [0][]{chapter.8}{Einleitung}{}% 5
\BOOKMARK [1][]{section.9}{Das Projekt}{chapter.8}% 6
\BOOKMARK [2][]{subsection.10}{Ausgangslage}{section.9}% 7
\BOOKMARK [2][]{subsection.11}{Ziel der Arbeit}{section.9}% 8
\BOOKMARK [2][]{subsection.12}{Aufgabenstellung}{section.9}% 9
\BOOKMARK [2][]{subsection.13}{Erwartetes Resultat}{section.9}% 10
\BOOKMARK [2][]{subsection.14}{Geplante Termine}{section.9}% 11
\BOOKMARK [0][]{chapter.15}{Projektplanung}{}% 12
\BOOKMARK [1][]{section.16}{Gantt Chart}{chapter.15}% 13
\BOOKMARK [1][]{section.17}{Arbeitsaufw\344nde}{chapter.15}% 14
\BOOKMARK [0][]{chapter.18}{Grundlagen App Programmierung}{}% 15
\BOOKMARK [1][]{section.19}{Was wird f\374r die App Programmierung ben\366tigt}{chapter.18}% 16
\BOOKMARK [2][]{subsection.20}{Eclipse \(IDE\)}{section.19}% 17
\BOOKMARK [2][]{subsection.23}{Android SDK Plugin for Eclipse}{section.19}% 18
\BOOKMARK [2][]{subsection.25}{Testing}{section.19}% 19
\BOOKMARK [1][]{section.26}{Aufbau der Architektur}{chapter.18}% 20
\BOOKMARK [2][]{subsection.27}{Java Class}{section.26}% 21
\BOOKMARK [2][]{subsection.28}{Layouts}{section.26}% 22
\BOOKMARK [2][]{subsection.29}{R.java}{section.26}% 23
\BOOKMARK [2][]{subsection.59}{strings.xml}{section.26}% 24
\BOOKMARK [2][]{subsection.69}{Manifest.xml}{section.26}% 25
\BOOKMARK [1][]{section.91}{App-Vermarkung}{chapter.18}% 26
\BOOKMARK [2][]{subsection.92}{Android Market}{section.91}% 27
\BOOKMARK [2][]{subsection.93}{public link}{section.91}% 28
\BOOKMARK [2][]{subsection.94}{Mail, Stick...}{section.91}% 29
\BOOKMARK [0][]{chapter.95}{Warranty App}{}% 30
\BOOKMARK [1][]{section.96}{Grundidee}{chapter.95}% 31
\BOOKMARK [1][]{section.97}{Features}{chapter.95}% 32
\BOOKMARK [2][]{subsection.98}{m\366gliche Erweiterungen}{section.97}% 33
\BOOKMARK [1][]{section.99}{Aufbau der App}{chapter.95}% 34
\BOOKMARK [2][]{subsection.100}{Klassendiagramm}{section.99}% 35
\BOOKMARK [2][]{subsection.101}{Permissions}{section.99}% 36
\BOOKMARK [2][]{subsection.102}{Datenbanklayout}{section.99}% 37
\BOOKMARK [1][]{section.103}{Core Komponenten}{chapter.95}% 38
\BOOKMARK [2][]{subsection.104}{Ansteuerung der Kamera}{section.103}% 39
\BOOKMARK [2][]{subsection.105}{Datenbank}{section.103}% 40
\BOOKMARK [3][]{subsubsection.106}{Insert}{subsection.105}% 41
\BOOKMARK [3][]{subsubsection.107}{Update}{subsection.105}% 42
\BOOKMARK [3][]{subsubsection.108}{Delete}{subsection.105}% 43
\BOOKMARK [2][]{subsection.109}{Layouts}{section.103}% 44
\BOOKMARK [0][]{chapter.110}{Fazit}{}% 45
\BOOKMARK [1][]{section.111}{Punkt 1}{chapter.110}% 46
\BOOKMARK [2][]{subsection.112}{Punkt 1.1}{section.111}% 47
\BOOKMARK [0][]{chapter.113}{let's try}{}% 48
\BOOKMARK [1][]{section.114}{Default Doc zum zeigen von Einbettungen}{chapter.113}% 49
\BOOKMARK [2][]{subsection.115}{MATLAB Code}{section.114}% 50
\BOOKMARK [0][]{chapter.156}{TEST hoidu}{}% 51
\BOOKMARK [0][]{appendix.157}{Anhang}{}% 52
\BOOKMARK [1][]{section.158}{Verwendete Werkzeuge}{appendix.157}% 53
\BOOKMARK [2][]{subsection.159}{Software}{section.158}% 54
\BOOKMARK [2][]{subsection.160}{Hardware}{section.158}% 55
\BOOKMARK [0][]{appendix*.161}{Literaturverzeichnis}{}% 56
